#! /opt/homebrew/Cellar/icarus-verilog/13.0/bin/vvp
:ivl_version "13.0 (stable)" "(v13_0)";
:ivl_delay_selection "TYPICAL";
:vpi_time_precision - 12;
:vpi_module "/opt/homebrew/Cellar/icarus-verilog/13.0/lib/ivl/system.vpi";
:vpi_module "/opt/homebrew/Cellar/icarus-verilog/13.0/lib/ivl/vhdl_sys.vpi";
:vpi_module "/opt/homebrew/Cellar/icarus-verilog/13.0/lib/ivl/vhdl_textio.vpi";
:vpi_module "/opt/homebrew/Cellar/icarus-verilog/13.0/lib/ivl/v2005_math.vpi";
:vpi_module "/opt/homebrew/Cellar/icarus-verilog/13.0/lib/ivl/va_math.vpi";
:vpi_module "/opt/homebrew/Cellar/icarus-verilog/13.0/lib/ivl/v2009.vpi";
S_0x105381a60 .scope package, "$unit" "$unit" 2 1;
 .timescale 0 0;
S_0x105368c30 .scope module, "tb_processor" "tb_processor" 3 24;
 .timescale -9 -12;
v0xba8c677a0_0 .var "clk", 0 0;
v0xba8c67840_0 .var "rst_n", 0 0;
S_0x105368db0 .scope task, "check_reg" "check_reg" 3 39, 3 39 0, S_0x105368c30;
 .timescale -9 -12;
v0xba8c48e60_0 .var "actual", 63 0;
v0xba8c48f00_0 .var "expected", 63 0;
v0xba8c48fa0_0 .var "reg_num", 4 0;
TD_tb_processor.check_reg ;
    %load/vec4 v0xba8c48e60_0;
    %load/vec4 v0xba8c48f00_0;
    %cmp/e;
    %jmp/0xz  T_0.0, 6;
    %vpi_call/w 3 45 "$display", "PASS: x%-2d = %0d", v0xba8c48fa0_0, v0xba8c48f00_0 {0 0 0};
    %jmp T_0.1;
T_0.0 ;
    %vpi_call/w 3 47 "$display", "FAIL: x%-2d = %0d, expected %0d", v0xba8c48fa0_0, v0xba8c48e60_0, v0xba8c48f00_0 {0 0 0};
T_0.1 ;
    %end;
S_0x10536f0f0 .scope module, "dut" "rv64_processor" 3 29, 4 11 0, S_0x105368c30;
 .timescale -9 -12;
    .port_info 0 /INPUT 1 "clk";
    .port_info 1 /INPUT 1 "rst_n";
L_0x105371120 .functor AND 1, v0xba8c49b80_0, L_0xba8c45860, C4<1>, C4<1>;
L_0xba9478010 .functor BUFT 1, C4<0000000000000000000000000000000000000000000000000000000000000100>, C4<0>, C4<0>, C4<0>;
v0xba8c66800_0 .net/2u *"_ivl_2", 63 0, L_0xba9478010;  1 drivers
v0xba8c668a0_0 .net "alu_op", 3 0, v0xba8c490e0_0;  1 drivers
v0xba8c66940_0 .net "alu_op2", 63 0, L_0xba90a0000;  1 drivers
v0xba8c669e0_0 .net "alu_op_sel", 1 0, v0xba8c49a40_0;  1 drivers
v0xba8c66a80_0 .net "alu_result", 63 0, v0xba8c49900_0;  1 drivers
v0xba8c66b20_0 .net "alu_src", 0 0, v0xba8c49ae0_0;  1 drivers
v0xba8c66bc0_0 .net "branch", 0 0, v0xba8c49b80_0;  1 drivers
v0xba8c66c60_0 .net "clk", 0 0, v0xba8c677a0_0;  1 drivers
v0xba8c66d00_0 .net "imm", 63 0, v0xba8c64320_0;  1 drivers
v0xba8c66da0_0 .net "instruction", 31 0, L_0xba8c45220;  1 drivers
v0xba8c66e40_0 .net "mem_rdata", 63 0, L_0xba90a00a0;  1 drivers
v0xba8c66ee0_0 .net "mem_read", 0 0, v0xba8c49c20_0;  1 drivers
v0xba8c66f80_0 .net "mem_to_reg", 0 0, v0xba8c49cc0_0;  1 drivers
v0xba8c67020_0 .net "mem_write", 0 0, v0xba8c49d60_0;  1 drivers
v0xba8c670c0_0 .net "pc", 63 0, v0xba8c659a0_0;  1 drivers
v0xba8c67160_0 .net "pc_branch", 63 0, L_0xba9059cc0;  1 drivers
v0xba8c67200_0 .net "pc_next", 63 0, L_0x1053741e0;  1 drivers
v0xba8c672a0_0 .net "pc_plus4", 63 0, L_0xba9059c20;  1 drivers
v0xba8c67340_0 .net "pc_src", 0 0, L_0x105371120;  1 drivers
v0xba8c673e0_0 .net "rd_wdata", 63 0, L_0xba90a0140;  1 drivers
v0xba8c67480_0 .net "reg_write", 0 0, v0xba8c49ea0_0;  1 drivers
v0xba8c67520_0 .net "rs1_data", 63 0, L_0x10536f3f0;  1 drivers
v0xba8c675c0_0 .net "rs2_data", 63 0, L_0x105368f30;  1 drivers
v0xba8c67660_0 .net "rst_n", 0 0, v0xba8c67840_0;  1 drivers
v0xba8c67700_0 .net "zero", 0 0, L_0xba8c45860;  1 drivers
L_0xba9059c20 .arith/sum 64, v0xba8c659a0_0, L_0xba9478010;
L_0xba9059cc0 .arith/sum 64, v0xba8c659a0_0, v0xba8c64320_0;
L_0xba8c452c0 .part L_0xba8c45220, 0, 7;
L_0xba8c454a0 .part L_0xba8c45220, 15, 5;
L_0xba8c45540 .part L_0xba8c45220, 20, 5;
L_0xba8c455e0 .part L_0xba8c45220, 7, 5;
S_0x10536f270 .scope module, "alu_control" "alu_ctrl" 4 132, 5 9 0, S_0x10536f0f0;
 .timescale -9 -12;
    .port_info 0 /INPUT 32 "instruction";
    .port_info 1 /INPUT 2 "alu_op_sel";
    .port_info 2 /OUTPUT 4 "alu_op";
L_0x1053785f0 .functor AND 1, L_0xba8c45720, L_0xba8c457c0, C4<1>, C4<1>;
v0xba8c49040_0 .net *"_ivl_3", 0 0, L_0xba8c45720;  1 drivers
v0xba8c480a0_0 .net *"_ivl_5", 0 0, L_0xba8c457c0;  1 drivers
v0xba8c490e0_0 .var "alu_op", 3 0;
v0xba8c49180_0 .net "alu_op_sel", 1 0, v0xba8c49a40_0;  alias, 1 drivers
v0xba8c49220_0 .net "funct3", 2 0, L_0xba8c45680;  1 drivers
v0xba8c492c0_0 .net "funct7_5", 0 0, L_0x1053785f0;  1 drivers
v0xba8c49360_0 .net "instruction", 31 0, L_0xba8c45220;  alias, 1 drivers
E_0xba8c03500 .event anyedge, v0xba8c49180_0, v0xba8c49220_0, v0xba8c492c0_0;
L_0xba8c45680 .part L_0xba8c45220, 12, 3;
L_0xba8c45720 .part L_0xba8c45220, 30, 1;
L_0xba8c457c0 .part L_0xba8c45220, 5, 1;
S_0x1053738c0 .scope module, "alu_src_mux" "mux_2_to_1" 4 124, 6 7 0, S_0x10536f0f0;
 .timescale -9 -12;
    .port_info 0 /INPUT 64 "op1";
    .port_info 1 /INPUT 64 "op2";
    .port_info 2 /INPUT 1 "sel";
    .port_info 3 /OUTPUT 64 "out";
v0xba8c49400_0 .net "op1", 63 0, L_0x105368f30;  alias, 1 drivers
v0xba8c494a0_0 .net "op2", 63 0, v0xba8c64320_0;  alias, 1 drivers
v0xba8c49540_0 .net "out", 63 0, L_0xba90a0000;  alias, 1 drivers
v0xba8c495e0_0 .net "sel", 0 0, v0xba8c49ae0_0;  alias, 1 drivers
L_0xba90a0000 .functor MUXZ 64, L_0x105368f30, v0xba8c64320_0, v0xba8c49ae0_0, C4<>;
S_0x105373a40 .scope module, "alu_unit" "alu" 4 141, 7 9 0, S_0x10536f0f0;
 .timescale -9 -12;
    .port_info 0 /INPUT 64 "op1";
    .port_info 1 /INPUT 64 "op2";
    .port_info 2 /INPUT 4 "alu_op";
    .port_info 3 /OUTPUT 64 "result";
    .port_info 4 /OUTPUT 1 "zero";
L_0xba94782e0 .functor BUFT 1, C4<0000000000000000000000000000000000000000000000000000000000000000>, C4<0>, C4<0>, C4<0>;
v0xba8c49680_0 .net/2u *"_ivl_0", 63 0, L_0xba94782e0;  1 drivers
v0xba8c49720_0 .net "alu_op", 3 0, v0xba8c490e0_0;  alias, 1 drivers
v0xba8c497c0_0 .net "op1", 63 0, L_0x10536f3f0;  alias, 1 drivers
v0xba8c49860_0 .net "op2", 63 0, L_0xba90a0000;  alias, 1 drivers
v0xba8c49900_0 .var "result", 63 0;
v0xba8c499a0_0 .net "zero", 0 0, L_0xba8c45860;  alias, 1 drivers
E_0xba8c03580 .event anyedge, v0xba8c490e0_0, v0xba8c497c0_0, v0xba8c49540_0;
L_0xba8c45860 .cmp/eq 64, v0xba8c49900_0, L_0xba94782e0;
S_0x105370e20 .scope module, "ctrl" "control" 4 90, 8 19 0, S_0x10536f0f0;
 .timescale -9 -12;
    .port_info 0 /INPUT 7 "opcode";
    .port_info 1 /OUTPUT 1 "branch";
    .port_info 2 /OUTPUT 1 "memWrite";
    .port_info 3 /OUTPUT 1 "memRead";
    .port_info 4 /OUTPUT 1 "regWrite";
    .port_info 5 /OUTPUT 2 "aluOp";
    .port_info 6 /OUTPUT 1 "memToReg";
    .port_info 7 /OUTPUT 1 "aluSrc";
v0xba8c49a40_0 .var "aluOp", 1 0;
v0xba8c49ae0_0 .var "aluSrc", 0 0;
v0xba8c49b80_0 .var "branch", 0 0;
v0xba8c49c20_0 .var "memRead", 0 0;
v0xba8c49cc0_0 .var "memToReg", 0 0;
v0xba8c49d60_0 .var "memWrite", 0 0;
v0xba8c49e00_0 .net "opcode", 6 0, L_0xba8c452c0;  1 drivers
v0xba8c49ea0_0 .var "regWrite", 0 0;
E_0xba8c03600 .event anyedge, v0xba8c49e00_0;
S_0x105370fa0 .scope module, "data_mem" "data_memory" 4 152, 9 7 0, S_0x10536f0f0;
 .timescale -9 -12;
    .port_info 0 /INPUT 1 "clk";
    .port_info 1 /INPUT 1 "rst_n";
    .port_info 2 /INPUT 64 "addr";
    .port_info 3 /INPUT 64 "write_data";
    .port_info 4 /INPUT 1 "write_en";
    .port_info 5 /INPUT 1 "read_en";
    .port_info 6 /OUTPUT 64 "read_data";
v0xba8c49f40_0 .net *"_ivl_0", 7 0, L_0xba8c67ca0;  1 drivers
v0xba8c49fe0_0 .net *"_ivl_10", 31 0, L_0xba9059f40;  1 drivers
v0xba8c4a080_0 .net *"_ivl_12", 7 0, L_0xba8c67d40;  1 drivers
v0xba8c4a120_0 .net *"_ivl_15", 9 0, L_0xba8c45a40;  1 drivers
v0xba8c4a1c0_0 .net *"_ivl_16", 31 0, L_0xba8c45ae0;  1 drivers
L_0xba94783b8 .functor BUFT 1, C4<0000000000000000000000>, C4<0>, C4<0>, C4<0>;
v0xba8c4a260_0 .net *"_ivl_19", 21 0, L_0xba94783b8;  1 drivers
L_0xba9478400 .functor BUFT 1, C4<00000000000000000000000000000110>, C4<0>, C4<0>, C4<0>;
v0xba8c4a300_0 .net/2u *"_ivl_20", 31 0, L_0xba9478400;  1 drivers
v0xba8c4a3a0_0 .net *"_ivl_22", 31 0, L_0xba9059fe0;  1 drivers
v0xba8c4a440_0 .net *"_ivl_24", 7 0, L_0xba8c67de0;  1 drivers
v0xba8c4a4e0_0 .net *"_ivl_27", 9 0, L_0xba8c45b80;  1 drivers
v0xba8c4a580_0 .net *"_ivl_28", 31 0, L_0xba8c45c20;  1 drivers
v0xba8c4a620_0 .net *"_ivl_3", 9 0, L_0xba8c45900;  1 drivers
L_0xba9478448 .functor BUFT 1, C4<0000000000000000000000>, C4<0>, C4<0>, C4<0>;
v0xba8c4a6c0_0 .net *"_ivl_31", 21 0, L_0xba9478448;  1 drivers
L_0xba9478490 .functor BUFT 1, C4<00000000000000000000000000000101>, C4<0>, C4<0>, C4<0>;
v0xba8c4a760_0 .net/2u *"_ivl_32", 31 0, L_0xba9478490;  1 drivers
v0xba8c4a800_0 .net *"_ivl_34", 31 0, L_0xba905a080;  1 drivers
v0xba8c4a8a0_0 .net *"_ivl_36", 7 0, L_0xba8c67e80;  1 drivers
v0xba8c4a940_0 .net *"_ivl_39", 9 0, L_0xba8c45cc0;  1 drivers
v0xba8c4a9e0_0 .net *"_ivl_4", 31 0, L_0xba8c459a0;  1 drivers
v0xba8c4aa80_0 .net *"_ivl_40", 31 0, L_0xba8c45d60;  1 drivers
L_0xba94784d8 .functor BUFT 1, C4<0000000000000000000000>, C4<0>, C4<0>, C4<0>;
v0xba8c4ab20_0 .net *"_ivl_43", 21 0, L_0xba94784d8;  1 drivers
L_0xba9478520 .functor BUFT 1, C4<00000000000000000000000000000100>, C4<0>, C4<0>, C4<0>;
v0xba8c4abc0_0 .net/2u *"_ivl_44", 31 0, L_0xba9478520;  1 drivers
v0xba8c4ac60_0 .net *"_ivl_46", 31 0, L_0xba905a120;  1 drivers
v0xba8c4ad00_0 .net *"_ivl_48", 7 0, L_0xba8c67f20;  1 drivers
v0xba8c4ada0_0 .net *"_ivl_51", 9 0, L_0xba8c45e00;  1 drivers
v0xba8c4ae40_0 .net *"_ivl_52", 31 0, L_0xba8c45ea0;  1 drivers
L_0xba9478568 .functor BUFT 1, C4<0000000000000000000000>, C4<0>, C4<0>, C4<0>;
v0xba8c4aee0_0 .net *"_ivl_55", 21 0, L_0xba9478568;  1 drivers
L_0xba94785b0 .functor BUFT 1, C4<00000000000000000000000000000011>, C4<0>, C4<0>, C4<0>;
v0xba8c4af80_0 .net/2u *"_ivl_56", 31 0, L_0xba94785b0;  1 drivers
v0xba8c4b020_0 .net *"_ivl_58", 31 0, L_0xba905a1c0;  1 drivers
v0xba8c4b0c0_0 .net *"_ivl_60", 7 0, L_0xba8c68000;  1 drivers
v0xba8c4b160_0 .net *"_ivl_63", 9 0, L_0xba8c45f40;  1 drivers
v0xba8c4b200_0 .net *"_ivl_64", 31 0, L_0xba8c45fe0;  1 drivers
L_0xba94785f8 .functor BUFT 1, C4<0000000000000000000000>, C4<0>, C4<0>, C4<0>;
v0xba8c4b2a0_0 .net *"_ivl_67", 21 0, L_0xba94785f8;  1 drivers
L_0xba9478640 .functor BUFT 1, C4<00000000000000000000000000000010>, C4<0>, C4<0>, C4<0>;
v0xba8c4b340_0 .net/2u *"_ivl_68", 31 0, L_0xba9478640;  1 drivers
L_0xba9478328 .functor BUFT 1, C4<0000000000000000000000>, C4<0>, C4<0>, C4<0>;
v0xba8c4b3e0_0 .net *"_ivl_7", 21 0, L_0xba9478328;  1 drivers
v0xba8c4b480_0 .net *"_ivl_70", 31 0, L_0xba905a260;  1 drivers
v0xba8c4b520_0 .net *"_ivl_72", 7 0, L_0xba8c680a0;  1 drivers
v0xba8c4b5c0_0 .net *"_ivl_75", 9 0, L_0xba8c46080;  1 drivers
v0xba8c4b660_0 .net *"_ivl_76", 31 0, L_0xba8c46120;  1 drivers
L_0xba9478688 .functor BUFT 1, C4<0000000000000000000000>, C4<0>, C4<0>, C4<0>;
v0xba8c4b700_0 .net *"_ivl_79", 21 0, L_0xba9478688;  1 drivers
L_0xba9478370 .functor BUFT 1, C4<00000000000000000000000000000111>, C4<0>, C4<0>, C4<0>;
v0xba8c4b7a0_0 .net/2u *"_ivl_8", 31 0, L_0xba9478370;  1 drivers
L_0xba94786d0 .functor BUFT 1, C4<00000000000000000000000000000001>, C4<0>, C4<0>, C4<0>;
v0xba8c4b840_0 .net/2u *"_ivl_80", 31 0, L_0xba94786d0;  1 drivers
v0xba8c4b8e0_0 .net *"_ivl_82", 31 0, L_0xba905a300;  1 drivers
v0xba8c4b980_0 .net *"_ivl_84", 7 0, L_0xba8c68140;  1 drivers
v0xba8c4ba20_0 .net *"_ivl_87", 9 0, L_0xba8c461c0;  1 drivers
v0xba8c4bac0_0 .net *"_ivl_88", 11 0, L_0xba8c46260;  1 drivers
L_0xba9478718 .functor BUFT 1, C4<00>, C4<0>, C4<0>, C4<0>;
v0xba8c4bb60_0 .net *"_ivl_91", 1 0, L_0xba9478718;  1 drivers
v0xba8c4bc00_0 .net *"_ivl_92", 63 0, L_0xba8c46300;  1 drivers
L_0xba9478760 .functor BUFT 1, C4<0000000000000000000000000000000000000000000000000000000000000000>, C4<0>, C4<0>, C4<0>;
v0xba8c4bca0_0 .net/2u *"_ivl_94", 63 0, L_0xba9478760;  1 drivers
v0xba8c4bd40_0 .net "addr", 63 0, v0xba8c49900_0;  alias, 1 drivers
v0xba8c4bde0_0 .net "clk", 0 0, v0xba8c677a0_0;  alias, 1 drivers
v0xba8c4be80_0 .var/i "i", 31 0;
v0xba8c4bf20 .array "mem", 1023 0, 7 0;
v0xba8c64000_0 .net "read_data", 63 0, L_0xba90a00a0;  alias, 1 drivers
v0xba8c640a0_0 .net "read_en", 0 0, v0xba8c49c20_0;  alias, 1 drivers
v0xba8c64140_0 .net "rst_n", 0 0, v0xba8c67840_0;  alias, 1 drivers
v0xba8c641e0_0 .net "write_data", 63 0, L_0x105368f30;  alias, 1 drivers
v0xba8c64280_0 .net "write_en", 0 0, v0xba8c49d60_0;  alias, 1 drivers
E_0xba8c036c0 .event posedge, v0xba8c4bde0_0;
L_0xba8c67ca0 .array/port v0xba8c4bf20, L_0xba9059f40;
L_0xba8c45900 .part v0xba8c49900_0, 0, 10;
L_0xba8c459a0 .concat [ 10 22 0 0], L_0xba8c45900, L_0xba9478328;
L_0xba9059f40 .arith/sum 32, L_0xba8c459a0, L_0xba9478370;
L_0xba8c67d40 .array/port v0xba8c4bf20, L_0xba9059fe0;
L_0xba8c45a40 .part v0xba8c49900_0, 0, 10;
L_0xba8c45ae0 .concat [ 10 22 0 0], L_0xba8c45a40, L_0xba94783b8;
L_0xba9059fe0 .arith/sum 32, L_0xba8c45ae0, L_0xba9478400;
L_0xba8c67de0 .array/port v0xba8c4bf20, L_0xba905a080;
L_0xba8c45b80 .part v0xba8c49900_0, 0, 10;
L_0xba8c45c20 .concat [ 10 22 0 0], L_0xba8c45b80, L_0xba9478448;
L_0xba905a080 .arith/sum 32, L_0xba8c45c20, L_0xba9478490;
L_0xba8c67e80 .array/port v0xba8c4bf20, L_0xba905a120;
L_0xba8c45cc0 .part v0xba8c49900_0, 0, 10;
L_0xba8c45d60 .concat [ 10 22 0 0], L_0xba8c45cc0, L_0xba94784d8;
L_0xba905a120 .arith/sum 32, L_0xba8c45d60, L_0xba9478520;
L_0xba8c67f20 .array/port v0xba8c4bf20, L_0xba905a1c0;
L_0xba8c45e00 .part v0xba8c49900_0, 0, 10;
L_0xba8c45ea0 .concat [ 10 22 0 0], L_0xba8c45e00, L_0xba9478568;
L_0xba905a1c0 .arith/sum 32, L_0xba8c45ea0, L_0xba94785b0;
L_0xba8c68000 .array/port v0xba8c4bf20, L_0xba905a260;
L_0xba8c45f40 .part v0xba8c49900_0, 0, 10;
L_0xba8c45fe0 .concat [ 10 22 0 0], L_0xba8c45f40, L_0xba94785f8;
L_0xba905a260 .arith/sum 32, L_0xba8c45fe0, L_0xba9478640;
L_0xba8c680a0 .array/port v0xba8c4bf20, L_0xba905a300;
L_0xba8c46080 .part v0xba8c49900_0, 0, 10;
L_0xba8c46120 .concat [ 10 22 0 0], L_0xba8c46080, L_0xba9478688;
L_0xba905a300 .arith/sum 32, L_0xba8c46120, L_0xba94786d0;
L_0xba8c68140 .array/port v0xba8c4bf20, L_0xba8c46260;
L_0xba8c461c0 .part v0xba8c49900_0, 0, 10;
L_0xba8c46260 .concat [ 10 2 0 0], L_0xba8c461c0, L_0xba9478718;
LS_0xba8c46300_0_0 .concat [ 8 8 8 8], L_0xba8c68140, L_0xba8c680a0, L_0xba8c68000, L_0xba8c67f20;
LS_0xba8c46300_0_4 .concat [ 8 8 8 8], L_0xba8c67e80, L_0xba8c67de0, L_0xba8c67d40, L_0xba8c67ca0;
L_0xba8c46300 .concat [ 32 32 0 0], LS_0xba8c46300_0_0, LS_0xba8c46300_0_4;
L_0xba90a00a0 .functor MUXZ 64, L_0xba9478760, L_0xba8c46300, v0xba8c49c20_0, C4<>;
S_0x105371b90 .scope module, "imm_gen" "immediate_gen" 4 102, 10 5 0, S_0x10536f0f0;
 .timescale -9 -12;
    .port_info 0 /INPUT 32 "instruction";
    .port_info 1 /OUTPUT 64 "immediate";
v0xba8c64320_0 .var "immediate", 63 0;
v0xba8c643c0_0 .net "instruction", 31 0, L_0xba8c45220;  alias, 1 drivers
E_0xba8c03740 .event anyedge, v0xba8c49360_0;
S_0x105371d10 .scope module, "instr_mem" "instruction_memory" 4 82, 11 5 0, S_0x10536f0f0;
 .timescale -9 -12;
    .port_info 0 /INPUT 1 "clk";
    .port_info 1 /INPUT 1 "rst_n";
    .port_info 2 /INPUT 64 "addr";
    .port_info 3 /OUTPUT 32 "instruction";
v0xba8c64460_0 .net *"_ivl_0", 7 0, L_0xba8c678e0;  1 drivers
v0xba8c64500_0 .net *"_ivl_10", 31 0, L_0xba9059d60;  1 drivers
v0xba8c645a0_0 .net *"_ivl_12", 7 0, L_0xba8c67980;  1 drivers
v0xba8c64640_0 .net *"_ivl_15", 9 0, L_0xba8c44e60;  1 drivers
v0xba8c646e0_0 .net *"_ivl_16", 31 0, L_0xba8c44f00;  1 drivers
L_0xba94780e8 .functor BUFT 1, C4<0000000000000000000000>, C4<0>, C4<0>, C4<0>;
v0xba8c64780_0 .net *"_ivl_19", 21 0, L_0xba94780e8;  1 drivers
L_0xba9478130 .functor BUFT 1, C4<00000000000000000000000000000010>, C4<0>, C4<0>, C4<0>;
v0xba8c64820_0 .net/2u *"_ivl_20", 31 0, L_0xba9478130;  1 drivers
v0xba8c648c0_0 .net *"_ivl_22", 31 0, L_0xba9059e00;  1 drivers
v0xba8c64960_0 .net *"_ivl_24", 7 0, L_0xba8c67a20;  1 drivers
v0xba8c64a00_0 .net *"_ivl_27", 9 0, L_0xba8c44fa0;  1 drivers
v0xba8c64aa0_0 .net *"_ivl_28", 31 0, L_0xba8c45040;  1 drivers
v0xba8c64b40_0 .net *"_ivl_3", 9 0, L_0xba8c44d20;  1 drivers
L_0xba9478178 .functor BUFT 1, C4<0000000000000000000000>, C4<0>, C4<0>, C4<0>;
v0xba8c64be0_0 .net *"_ivl_31", 21 0, L_0xba9478178;  1 drivers
L_0xba94781c0 .functor BUFT 1, C4<00000000000000000000000000000001>, C4<0>, C4<0>, C4<0>;
v0xba8c64c80_0 .net/2u *"_ivl_32", 31 0, L_0xba94781c0;  1 drivers
v0xba8c64d20_0 .net *"_ivl_34", 31 0, L_0xba9059ea0;  1 drivers
v0xba8c64dc0_0 .net *"_ivl_36", 7 0, L_0xba8c67ac0;  1 drivers
v0xba8c64e60_0 .net *"_ivl_39", 9 0, L_0xba8c450e0;  1 drivers
v0xba8c64f00_0 .net *"_ivl_4", 31 0, L_0xba8c44dc0;  1 drivers
v0xba8c64fa0_0 .net *"_ivl_40", 11 0, L_0xba8c45180;  1 drivers
L_0xba9478208 .functor BUFT 1, C4<00>, C4<0>, C4<0>, C4<0>;
v0xba8c65040_0 .net *"_ivl_43", 1 0, L_0xba9478208;  1 drivers
L_0xba9478058 .functor BUFT 1, C4<0000000000000000000000>, C4<0>, C4<0>, C4<0>;
v0xba8c650e0_0 .net *"_ivl_7", 21 0, L_0xba9478058;  1 drivers
L_0xba94780a0 .functor BUFT 1, C4<00000000000000000000000000000011>, C4<0>, C4<0>, C4<0>;
v0xba8c65180_0 .net/2u *"_ivl_8", 31 0, L_0xba94780a0;  1 drivers
v0xba8c65220_0 .net "addr", 63 0, v0xba8c659a0_0;  alias, 1 drivers
v0xba8c652c0_0 .net "clk", 0 0, v0xba8c677a0_0;  alias, 1 drivers
v0xba8c65360_0 .var/i "i", 31 0;
v0xba8c65400_0 .net "instruction", 31 0, L_0xba8c45220;  alias, 1 drivers
v0xba8c654a0 .array "mem", 1023 0, 7 0;
v0xba8c65540_0 .net "rst_n", 0 0, v0xba8c67840_0;  alias, 1 drivers
L_0xba8c678e0 .array/port v0xba8c654a0, L_0xba9059d60;
L_0xba8c44d20 .part v0xba8c659a0_0, 0, 10;
L_0xba8c44dc0 .concat [ 10 22 0 0], L_0xba8c44d20, L_0xba9478058;
L_0xba9059d60 .arith/sum 32, L_0xba8c44dc0, L_0xba94780a0;
L_0xba8c67980 .array/port v0xba8c654a0, L_0xba9059e00;
L_0xba8c44e60 .part v0xba8c659a0_0, 0, 10;
L_0xba8c44f00 .concat [ 10 22 0 0], L_0xba8c44e60, L_0xba94780e8;
L_0xba9059e00 .arith/sum 32, L_0xba8c44f00, L_0xba9478130;
L_0xba8c67a20 .array/port v0xba8c654a0, L_0xba9059ea0;
L_0xba8c44fa0 .part v0xba8c659a0_0, 0, 10;
L_0xba8c45040 .concat [ 10 22 0 0], L_0xba8c44fa0, L_0xba9478178;
L_0xba9059ea0 .arith/sum 32, L_0xba8c45040, L_0xba94781c0;
L_0xba8c67ac0 .array/port v0xba8c654a0, L_0xba8c45180;
L_0xba8c450e0 .part v0xba8c659a0_0, 0, 10;
L_0xba8c45180 .concat [ 10 2 0 0], L_0xba8c450e0, L_0xba9478208;
L_0xba8c45220 .concat [ 8 8 8 8], L_0xba8c67ac0, L_0xba8c67a20, L_0xba8c67980, L_0xba8c678e0;
S_0x105373300 .scope module, "pc_mux" "mux_2_to_1" 4 73, 6 7 0, S_0x10536f0f0;
 .timescale -9 -12;
    .port_info 0 /INPUT 64 "op1";
    .port_info 1 /INPUT 64 "op2";
    .port_info 2 /INPUT 1 "sel";
    .port_info 3 /OUTPUT 64 "out";
v0xba8c655e0_0 .net "op1", 63 0, L_0xba9059c20;  alias, 1 drivers
v0xba8c65680_0 .net "op2", 63 0, L_0xba9059cc0;  alias, 1 drivers
v0xba8c65720_0 .net "out", 63 0, L_0x1053741e0;  alias, 1 drivers
v0xba8c657c0_0 .net "sel", 0 0, L_0x105371120;  alias, 1 drivers
L_0x1053741e0 .functor MUXZ 64, L_0xba9059c20, L_0xba9059cc0, L_0x105371120, C4<>;
S_0xba909c000 .scope module, "pc_reg" "program_counter" 4 63, 12 1 0, S_0x10536f0f0;
 .timescale -9 -12;
    .port_info 0 /INPUT 1 "clk";
    .port_info 1 /INPUT 1 "rst_n";
    .port_info 2 /INPUT 64 "pc_next";
    .port_info 3 /OUTPUT 64 "pc_prev";
v0xba8c65860_0 .net "clk", 0 0, v0xba8c677a0_0;  alias, 1 drivers
v0xba8c65900_0 .net "pc_next", 63 0, L_0x1053741e0;  alias, 1 drivers
v0xba8c659a0_0 .var "pc_prev", 63 0;
v0xba8c65a40_0 .net "rst_n", 0 0, v0xba8c67840_0;  alias, 1 drivers
S_0xba909c180 .scope module, "reg_file" "registers" 4 109, 13 5 0, S_0x10536f0f0;
 .timescale -9 -12;
    .port_info 0 /INPUT 1 "clk";
    .port_info 1 /INPUT 1 "rst_n";
    .port_info 2 /INPUT 5 "rs1_addr";
    .port_info 3 /INPUT 5 "rs2_addr";
    .port_info 4 /OUTPUT 64 "read_data1";
    .port_info 5 /OUTPUT 64 "read_data2";
    .port_info 6 /INPUT 5 "rd_addr";
    .port_info 7 /INPUT 64 "write_data";
    .port_info 8 /INPUT 1 "write_enable";
L_0x10536f3f0 .functor BUFZ 64, L_0xba8c67b60, C4<0000000000000000000000000000000000000000000000000000000000000000>, C4<0000000000000000000000000000000000000000000000000000000000000000>, C4<0000000000000000000000000000000000000000000000000000000000000000>;
L_0x105368f30 .functor BUFZ 64, L_0xba8c67c00, C4<0000000000000000000000000000000000000000000000000000000000000000>, C4<0000000000000000000000000000000000000000000000000000000000000000>, C4<0000000000000000000000000000000000000000000000000000000000000000>;
v0xba8c65ae0_0 .net *"_ivl_0", 63 0, L_0xba8c67b60;  1 drivers
v0xba8c65b80_0 .net *"_ivl_10", 6 0, L_0xba8c45400;  1 drivers
L_0xba9478298 .functor BUFT 1, C4<00>, C4<0>, C4<0>, C4<0>;
v0xba8c65c20_0 .net *"_ivl_13", 1 0, L_0xba9478298;  1 drivers
v0xba8c65cc0_0 .net *"_ivl_2", 6 0, L_0xba8c45360;  1 drivers
L_0xba9478250 .functor BUFT 1, C4<00>, C4<0>, C4<0>, C4<0>;
v0xba8c65d60_0 .net *"_ivl_5", 1 0, L_0xba9478250;  1 drivers
v0xba8c65e00_0 .net *"_ivl_8", 63 0, L_0xba8c67c00;  1 drivers
v0xba8c65ea0_0 .net "clk", 0 0, v0xba8c677a0_0;  alias, 1 drivers
v0xba8c65f40_0 .var/i "i", 31 0;
v0xba8c65fe0_0 .net "rd_addr", 4 0, L_0xba8c455e0;  1 drivers
v0xba8c66080_0 .net "read_data1", 63 0, L_0x10536f3f0;  alias, 1 drivers
v0xba8c66120_0 .net "read_data2", 63 0, L_0x105368f30;  alias, 1 drivers
v0xba8c661c0 .array "reg_file", 31 0, 63 0;
v0xba8c66260_0 .net "rs1_addr", 4 0, L_0xba8c454a0;  1 drivers
v0xba8c66300_0 .net "rs2_addr", 4 0, L_0xba8c45540;  1 drivers
v0xba8c663a0_0 .net "rst_n", 0 0, v0xba8c67840_0;  alias, 1 drivers
v0xba8c66440_0 .net "write_data", 63 0, L_0xba90a0140;  alias, 1 drivers
v0xba8c664e0_0 .net "write_enable", 0 0, v0xba8c49ea0_0;  alias, 1 drivers
L_0xba8c67b60 .array/port v0xba8c661c0, L_0xba8c45360;
L_0xba8c45360 .concat [ 5 2 0 0], L_0xba8c454a0, L_0xba9478250;
L_0xba8c67c00 .array/port v0xba8c661c0, L_0xba8c45400;
L_0xba8c45400 .concat [ 5 2 0 0], L_0xba8c45540, L_0xba9478298;
S_0xba909c300 .scope module, "wb_mux" "mux_2_to_1" 4 165, 6 7 0, S_0x10536f0f0;
 .timescale -9 -12;
    .port_info 0 /INPUT 64 "op1";
    .port_info 1 /INPUT 64 "op2";
    .port_info 2 /INPUT 1 "sel";
    .port_info 3 /OUTPUT 64 "out";
v0xba8c66580_0 .net "op1", 63 0, v0xba8c49900_0;  alias, 1 drivers
v0xba8c66620_0 .net "op2", 63 0, L_0xba90a00a0;  alias, 1 drivers
v0xba8c666c0_0 .net "out", 63 0, L_0xba90a0140;  alias, 1 drivers
v0xba8c66760_0 .net "sel", 0 0, v0xba8c49cc0_0;  alias, 1 drivers
L_0xba90a0140 .functor MUXZ 64, v0xba8c49900_0, L_0xba90a00a0, v0xba8c49cc0_0, C4<>;
    .scope S_0xba909c000;
T_1 ;
    %wait E_0xba8c036c0;
    %load/vec4 v0xba8c65a40_0;
    %flag_set/vec4 8;
    %jmp/0xz  T_1.0, 8;
    %pushi/vec4 0, 0, 64;
    %assign/vec4 v0xba8c659a0_0, 0;
    %jmp T_1.1;
T_1.0 ;
    %load/vec4 v0xba8c65900_0;
    %assign/vec4 v0xba8c659a0_0, 0;
T_1.1 ;
    %jmp T_1;
    .thread T_1;
    .scope S_0x105371d10;
T_2 ;
    %wait E_0xba8c036c0;
    %load/vec4 v0xba8c65540_0;
    %flag_set/vec4 8;
    %jmp/0xz  T_2.0, 8;
    %pushi/vec4 0, 0, 32;
    %store/vec4 v0xba8c65360_0, 0, 32;
T_2.2 ; Top of for-loop
    %load/vec4 v0xba8c65360_0;
    %cmpi/s 1024, 0, 32;
	  %jmp/0xz T_2.3, 5;
    %pushi/vec4 0, 0, 8;
    %ix/getv/s 3, v0xba8c65360_0;
    %ix/load 4, 0, 0; Constant delay
    %assign/vec4/a/d v0xba8c654a0, 0, 4;
T_2.4 ; for-loop step statement
    ; show_stmt_assign_vector: Get l-value for compressed += operand
    %load/vec4 v0xba8c65360_0;
    %pushi/vec4 1, 0, 32;
    %add;
    %store/vec4 v0xba8c65360_0, 0, 32;
    %jmp T_2.2;
T_2.3 ; for-loop exit label
    %pushi/vec4 147, 0, 8;
    %ix/load 3, 0, 0;
    %flag_set/imm 4, 0;
    %ix/load 4, 0, 0; Constant delay
    %assign/vec4/a/d v0xba8c654a0, 0, 4;
    %pushi/vec4 0, 0, 8;
    %ix/load 3, 1, 0;
    %flag_set/imm 4, 0;
    %ix/load 4, 0, 0; Constant delay
    %assign/vec4/a/d v0xba8c654a0, 0, 4;
    %pushi/vec4 80, 0, 8;
    %ix/load 3, 2, 0;
    %flag_set/imm 4, 0;
    %ix/load 4, 0, 0; Constant delay
    %assign/vec4/a/d v0xba8c654a0, 0, 4;
    %pushi/vec4 0, 0, 8;
    %ix/load 3, 3, 0;
    %flag_set/imm 4, 0;
    %ix/load 4, 0, 0; Constant delay
    %assign/vec4/a/d v0xba8c654a0, 0, 4;
    %pushi/vec4 19, 0, 8;
    %ix/load 3, 4, 0;
    %flag_set/imm 4, 0;
    %ix/load 4, 0, 0; Constant delay
    %assign/vec4/a/d v0xba8c654a0, 0, 4;
    %pushi/vec4 1, 0, 8;
    %ix/load 3, 5, 0;
    %flag_set/imm 4, 0;
    %ix/load 4, 0, 0; Constant delay
    %assign/vec4/a/d v0xba8c654a0, 0, 4;
    %pushi/vec4 48, 0, 8;
    %ix/load 3, 6, 0;
    %flag_set/imm 4, 0;
    %ix/load 4, 0, 0; Constant delay
    %assign/vec4/a/d v0xba8c654a0, 0, 4;
    %pushi/vec4 0, 0, 8;
    %ix/load 3, 7, 0;
    %flag_set/imm 4, 0;
    %ix/load 4, 0, 0; Constant delay
    %assign/vec4/a/d v0xba8c654a0, 0, 4;
    %pushi/vec4 179, 0, 8;
    %ix/load 3, 8, 0;
    %flag_set/imm 4, 0;
    %ix/load 4, 0, 0; Constant delay
    %assign/vec4/a/d v0xba8c654a0, 0, 4;
    %pushi/vec4 129, 0, 8;
    %ix/load 3, 9, 0;
    %flag_set/imm 4, 0;
    %ix/load 4, 0, 0; Constant delay
    %assign/vec4/a/d v0xba8c654a0, 0, 4;
    %pushi/vec4 32, 0, 8;
    %ix/load 3, 10, 0;
    %flag_set/imm 4, 0;
    %ix/load 4, 0, 0; Constant delay
    %assign/vec4/a/d v0xba8c654a0, 0, 4;
    %pushi/vec4 0, 0, 8;
    %ix/load 3, 11, 0;
    %flag_set/imm 4, 0;
    %ix/load 4, 0, 0; Constant delay
    %assign/vec4/a/d v0xba8c654a0, 0, 4;
    %pushi/vec4 35, 0, 8;
    %ix/load 3, 12, 0;
    %flag_set/imm 4, 0;
    %ix/load 4, 0, 0; Constant delay
    %assign/vec4/a/d v0xba8c654a0, 0, 4;
    %pushi/vec4 48, 0, 8;
    %ix/load 3, 13, 0;
    %flag_set/imm 4, 0;
    %ix/load 4, 0, 0; Constant delay
    %assign/vec4/a/d v0xba8c654a0, 0, 4;
    %pushi/vec4 48, 0, 8;
    %ix/load 3, 14, 0;
    %flag_set/imm 4, 0;
    %ix/load 4, 0, 0; Constant delay
    %assign/vec4/a/d v0xba8c654a0, 0, 4;
    %pushi/vec4 0, 0, 8;
    %ix/load 3, 15, 0;
    %flag_set/imm 4, 0;
    %ix/load 4, 0, 0; Constant delay
    %assign/vec4/a/d v0xba8c654a0, 0, 4;
    %pushi/vec4 3, 0, 8;
    %ix/load 3, 16, 0;
    %flag_set/imm 4, 0;
    %ix/load 4, 0, 0; Constant delay
    %assign/vec4/a/d v0xba8c654a0, 0, 4;
    %pushi/vec4 50, 0, 8;
    %ix/load 3, 17, 0;
    %flag_set/imm 4, 0;
    %ix/load 4, 0, 0; Constant delay
    %assign/vec4/a/d v0xba8c654a0, 0, 4;
    %pushi/vec4 0, 0, 8;
    %ix/load 3, 18, 0;
    %flag_set/imm 4, 0;
    %ix/load 4, 0, 0; Constant delay
    %assign/vec4/a/d v0xba8c654a0, 0, 4;
    %pushi/vec4 0, 0, 8;
    %ix/load 3, 19, 0;
    %flag_set/imm 4, 0;
    %ix/load 4, 0, 0; Constant delay
    %assign/vec4/a/d v0xba8c654a0, 0, 4;
    %pushi/vec4 99, 0, 8;
    %ix/load 3, 20, 0;
    %flag_set/imm 4, 0;
    %ix/load 4, 0, 0; Constant delay
    %assign/vec4/a/d v0xba8c654a0, 0, 4;
    %pushi/vec4 132, 0, 8;
    %ix/load 3, 21, 0;
    %flag_set/imm 4, 0;
    %ix/load 4, 0, 0; Constant delay
    %assign/vec4/a/d v0xba8c654a0, 0, 4;
    %pushi/vec4 32, 0, 8;
    %ix/load 3, 22, 0;
    %flag_set/imm 4, 0;
    %ix/load 4, 0, 0; Constant delay
    %assign/vec4/a/d v0xba8c654a0, 0, 4;
    %pushi/vec4 0, 0, 8;
    %ix/load 3, 23, 0;
    %flag_set/imm 4, 0;
    %ix/load 4, 0, 0; Constant delay
    %assign/vec4/a/d v0xba8c654a0, 0, 4;
    %pushi/vec4 179, 0, 8;
    %ix/load 3, 24, 0;
    %flag_set/imm 4, 0;
    %ix/load 4, 0, 0; Constant delay
    %assign/vec4/a/d v0xba8c654a0, 0, 4;
    %pushi/vec4 130, 0, 8;
    %ix/load 3, 25, 0;
    %flag_set/imm 4, 0;
    %ix/load 4, 0, 0; Constant delay
    %assign/vec4/a/d v0xba8c654a0, 0, 4;
    %pushi/vec4 33, 0, 8;
    %ix/load 3, 26, 0;
    %flag_set/imm 4, 0;
    %ix/load 4, 0, 0; Constant delay
    %assign/vec4/a/d v0xba8c654a0, 0, 4;
    %pushi/vec4 64, 0, 8;
    %ix/load 3, 27, 0;
    %flag_set/imm 4, 0;
    %ix/load 4, 0, 0; Constant delay
    %assign/vec4/a/d v0xba8c654a0, 0, 4;
    %pushi/vec4 51, 0, 8;
    %ix/load 3, 28, 0;
    %flag_set/imm 4, 0;
    %ix/load 4, 0, 0; Constant delay
    %assign/vec4/a/d v0xba8c654a0, 0, 4;
    %pushi/vec4 243, 0, 8;
    %ix/load 3, 29, 0;
    %flag_set/imm 4, 0;
    %ix/load 4, 0, 0; Constant delay
    %assign/vec4/a/d v0xba8c654a0, 0, 4;
    %pushi/vec4 32, 0, 8;
    %ix/load 3, 30, 0;
    %flag_set/imm 4, 0;
    %ix/load 4, 0, 0; Constant delay
    %assign/vec4/a/d v0xba8c654a0, 0, 4;
    %pushi/vec4 0, 0, 8;
    %ix/load 3, 31, 0;
    %flag_set/imm 4, 0;
    %ix/load 4, 0, 0; Constant delay
    %assign/vec4/a/d v0xba8c654a0, 0, 4;
    %pushi/vec4 179, 0, 8;
    %ix/load 3, 32, 0;
    %flag_set/imm 4, 0;
    %ix/load 4, 0, 0; Constant delay
    %assign/vec4/a/d v0xba8c654a0, 0, 4;
    %pushi/vec4 227, 0, 8;
    %ix/load 3, 33, 0;
    %flag_set/imm 4, 0;
    %ix/load 4, 0, 0; Constant delay
    %assign/vec4/a/d v0xba8c654a0, 0, 4;
    %pushi/vec4 32, 0, 8;
    %ix/load 3, 34, 0;
    %flag_set/imm 4, 0;
    %ix/load 4, 0, 0; Constant delay
    %assign/vec4/a/d v0xba8c654a0, 0, 4;
    %pushi/vec4 0, 0, 8;
    %ix/load 3, 35, 0;
    %flag_set/imm 4, 0;
    %ix/load 4, 0, 0; Constant delay
    %assign/vec4/a/d v0xba8c654a0, 0, 4;
    %pushi/vec4 19, 0, 8;
    %ix/load 3, 36, 0;
    %flag_set/imm 4, 0;
    %ix/load 4, 0, 0; Constant delay
    %assign/vec4/a/d v0xba8c654a0, 0, 4;
    %pushi/vec4 4, 0, 8;
    %ix/load 3, 37, 0;
    %flag_set/imm 4, 0;
    %ix/load 4, 0, 0; Constant delay
    %assign/vec4/a/d v0xba8c654a0, 0, 4;
    %pushi/vec4 240, 0, 8;
    %ix/load 3, 38, 0;
    %flag_set/imm 4, 0;
    %ix/load 4, 0, 0; Constant delay
    %assign/vec4/a/d v0xba8c654a0, 0, 4;
    %pushi/vec4 255, 0, 8;
    %ix/load 3, 39, 0;
    %flag_set/imm 4, 0;
    %ix/load 4, 0, 0; Constant delay
    %assign/vec4/a/d v0xba8c654a0, 0, 4;
    %pushi/vec4 19, 0, 8;
    %ix/load 3, 40, 0;
    %flag_set/imm 4, 0;
    %ix/load 4, 0, 0; Constant delay
    %assign/vec4/a/d v0xba8c654a0, 0, 4;
    %pushi/vec4 5, 0, 8;
    %ix/load 3, 41, 0;
    %flag_set/imm 4, 0;
    %ix/load 4, 0, 0; Constant delay
    %assign/vec4/a/d v0xba8c654a0, 0, 4;
    %pushi/vec4 64, 0, 8;
    %ix/load 3, 42, 0;
    %flag_set/imm 4, 0;
    %ix/load 4, 0, 0; Constant delay
    %assign/vec4/a/d v0xba8c654a0, 0, 4;
    %pushi/vec4 0, 0, 8;
    %ix/load 3, 43, 0;
    %flag_set/imm 4, 0;
    %ix/load 4, 0, 0; Constant delay
    %assign/vec4/a/d v0xba8c654a0, 0, 4;
    %pushi/vec4 147, 0, 8;
    %ix/load 3, 44, 0;
    %flag_set/imm 4, 0;
    %ix/load 4, 0, 0; Constant delay
    %assign/vec4/a/d v0xba8c654a0, 0, 4;
    %pushi/vec4 5, 0, 8;
    %ix/load 3, 45, 0;
    %flag_set/imm 4, 0;
    %ix/load 4, 0, 0; Constant delay
    %assign/vec4/a/d v0xba8c654a0, 0, 4;
    %pushi/vec4 64, 0, 8;
    %ix/load 3, 46, 0;
    %flag_set/imm 4, 0;
    %ix/load 4, 0, 0; Constant delay
    %assign/vec4/a/d v0xba8c654a0, 0, 4;
    %pushi/vec4 0, 0, 8;
    %ix/load 3, 47, 0;
    %flag_set/imm 4, 0;
    %ix/load 4, 0, 0; Constant delay
    %assign/vec4/a/d v0xba8c654a0, 0, 4;
    %pushi/vec4 99, 0, 8;
    %ix/load 3, 48, 0;
    %flag_set/imm 4, 0;
    %ix/load 4, 0, 0; Constant delay
    %assign/vec4/a/d v0xba8c654a0, 0, 4;
    %pushi/vec4 4, 0, 8;
    %ix/load 3, 49, 0;
    %flag_set/imm 4, 0;
    %ix/load 4, 0, 0; Constant delay
    %assign/vec4/a/d v0xba8c654a0, 0, 4;
    %pushi/vec4 181, 0, 8;
    %ix/load 3, 50, 0;
    %flag_set/imm 4, 0;
    %ix/load 4, 0, 0; Constant delay
    %assign/vec4/a/d v0xba8c654a0, 0, 4;
    %pushi/vec4 0, 0, 8;
    %ix/load 3, 51, 0;
    %flag_set/imm 4, 0;
    %ix/load 4, 0, 0; Constant delay
    %assign/vec4/a/d v0xba8c654a0, 0, 4;
    %pushi/vec4 19, 0, 8;
    %ix/load 3, 52, 0;
    %flag_set/imm 4, 0;
    %ix/load 4, 0, 0; Constant delay
    %assign/vec4/a/d v0xba8c654a0, 0, 4;
    %pushi/vec4 6, 0, 8;
    %ix/load 3, 53, 0;
    %flag_set/imm 4, 0;
    %ix/load 4, 0, 0; Constant delay
    %assign/vec4/a/d v0xba8c654a0, 0, 4;
    %pushi/vec4 48, 0, 8;
    %ix/load 3, 54, 0;
    %flag_set/imm 4, 0;
    %ix/load 4, 0, 0; Constant delay
    %assign/vec4/a/d v0xba8c654a0, 0, 4;
    %pushi/vec4 6, 0, 8;
    %ix/load 3, 55, 0;
    %flag_set/imm 4, 0;
    %ix/load 4, 0, 0; Constant delay
    %assign/vec4/a/d v0xba8c654a0, 0, 4;
    %pushi/vec4 19, 0, 8;
    %ix/load 3, 56, 0;
    %flag_set/imm 4, 0;
    %ix/load 4, 0, 0; Constant delay
    %assign/vec4/a/d v0xba8c654a0, 0, 4;
    %pushi/vec4 0, 0, 8;
    %ix/load 3, 57, 0;
    %flag_set/imm 4, 0;
    %ix/load 4, 0, 0; Constant delay
    %assign/vec4/a/d v0xba8c654a0, 0, 4;
    %pushi/vec4 0, 0, 8;
    %ix/load 3, 58, 0;
    %flag_set/imm 4, 0;
    %ix/load 4, 0, 0; Constant delay
    %assign/vec4/a/d v0xba8c654a0, 0, 4;
    %pushi/vec4 0, 0, 8;
    %ix/load 3, 59, 0;
    %flag_set/imm 4, 0;
    %ix/load 4, 0, 0; Constant delay
    %assign/vec4/a/d v0xba8c654a0, 0, 4;
    %pushi/vec4 19, 0, 8;
    %ix/load 3, 60, 0;
    %flag_set/imm 4, 0;
    %ix/load 4, 0, 0; Constant delay
    %assign/vec4/a/d v0xba8c654a0, 0, 4;
    %pushi/vec4 0, 0, 8;
    %ix/load 3, 61, 0;
    %flag_set/imm 4, 0;
    %ix/load 4, 0, 0; Constant delay
    %assign/vec4/a/d v0xba8c654a0, 0, 4;
    %pushi/vec4 80, 0, 8;
    %ix/load 3, 62, 0;
    %flag_set/imm 4, 0;
    %ix/load 4, 0, 0; Constant delay
    %assign/vec4/a/d v0xba8c654a0, 0, 4;
    %pushi/vec4 0, 0, 8;
    %ix/load 3, 63, 0;
    %flag_set/imm 4, 0;
    %ix/load 4, 0, 0; Constant delay
    %assign/vec4/a/d v0xba8c654a0, 0, 4;
T_2.0 ;
    %jmp T_2;
    .thread T_2;
    .scope S_0x105370e20;
T_3 ;
Ewait_0 .event/or E_0xba8c03600, E_0x0;
    %wait Ewait_0;
    %pushi/vec4 0, 0, 1;
    %store/vec4 v0xba8c49b80_0, 0, 1;
    %pushi/vec4 0, 0, 1;
    %store/vec4 v0xba8c49d60_0, 0, 1;
    %pushi/vec4 0, 0, 1;
    %store/vec4 v0xba8c49c20_0, 0, 1;
    %pushi/vec4 0, 0, 1;
    %store/vec4 v0xba8c49ea0_0, 0, 1;
    %pushi/vec4 0, 0, 1;
    %store/vec4 v0xba8c49cc0_0, 0, 1;
    %pushi/vec4 0, 0, 1;
    %store/vec4 v0xba8c49ae0_0, 0, 1;
    %pushi/vec4 0, 0, 2;
    %store/vec4 v0xba8c49a40_0, 0, 2;
    %load/vec4 v0xba8c49e00_0;
    %dup/vec4;
    %pushi/vec4 51, 0, 7;
    %cmp/u;
    %jmp/1 T_3.0, 6;
    %dup/vec4;
    %pushi/vec4 19, 0, 7;
    %cmp/u;
    %jmp/1 T_3.1, 6;
    %dup/vec4;
    %pushi/vec4 3, 0, 7;
    %cmp/u;
    %jmp/1 T_3.2, 6;
    %dup/vec4;
    %pushi/vec4 35, 0, 7;
    %cmp/u;
    %jmp/1 T_3.3, 6;
    %dup/vec4;
    %pushi/vec4 99, 0, 7;
    %cmp/u;
    %jmp/1 T_3.4, 6;
    %jmp T_3.5;
T_3.0 ;
    %pushi/vec4 0, 0, 1;
    %store/vec4 v0xba8c49ae0_0, 0, 1;
    %pushi/vec4 0, 0, 1;
    %store/vec4 v0xba8c49cc0_0, 0, 1;
    %pushi/vec4 1, 0, 1;
    %store/vec4 v0xba8c49ea0_0, 0, 1;
    %pushi/vec4 0, 0, 1;
    %store/vec4 v0xba8c49c20_0, 0, 1;
    %pushi/vec4 0, 0, 1;
    %store/vec4 v0xba8c49d60_0, 0, 1;
    %pushi/vec4 0, 0, 1;
    %store/vec4 v0xba8c49b80_0, 0, 1;
    %pushi/vec4 2, 0, 2;
    %store/vec4 v0xba8c49a40_0, 0, 2;
    %jmp T_3.5;
T_3.1 ;
    %pushi/vec4 1, 0, 1;
    %store/vec4 v0xba8c49ae0_0, 0, 1;
    %pushi/vec4 0, 0, 1;
    %store/vec4 v0xba8c49cc0_0, 0, 1;
    %pushi/vec4 1, 0, 1;
    %store/vec4 v0xba8c49ea0_0, 0, 1;
    %pushi/vec4 0, 0, 1;
    %store/vec4 v0xba8c49c20_0, 0, 1;
    %pushi/vec4 0, 0, 1;
    %store/vec4 v0xba8c49d60_0, 0, 1;
    %pushi/vec4 0, 0, 1;
    %store/vec4 v0xba8c49b80_0, 0, 1;
    %pushi/vec4 2, 0, 2;
    %store/vec4 v0xba8c49a40_0, 0, 2;
    %jmp T_3.5;
T_3.2 ;
    %pushi/vec4 1, 0, 1;
    %store/vec4 v0xba8c49ae0_0, 0, 1;
    %pushi/vec4 1, 0, 1;
    %store/vec4 v0xba8c49cc0_0, 0, 1;
    %pushi/vec4 1, 0, 1;
    %store/vec4 v0xba8c49ea0_0, 0, 1;
    %pushi/vec4 1, 0, 1;
    %store/vec4 v0xba8c49c20_0, 0, 1;
    %pushi/vec4 0, 0, 1;
    %store/vec4 v0xba8c49d60_0, 0, 1;
    %pushi/vec4 0, 0, 1;
    %store/vec4 v0xba8c49b80_0, 0, 1;
    %pushi/vec4 0, 0, 2;
    %store/vec4 v0xba8c49a40_0, 0, 2;
    %jmp T_3.5;
T_3.3 ;
    %pushi/vec4 1, 0, 1;
    %store/vec4 v0xba8c49ae0_0, 0, 1;
    %pushi/vec4 0, 0, 1;
    %store/vec4 v0xba8c49cc0_0, 0, 1;
    %pushi/vec4 0, 0, 1;
    %store/vec4 v0xba8c49ea0_0, 0, 1;
    %pushi/vec4 0, 0, 1;
    %store/vec4 v0xba8c49c20_0, 0, 1;
    %pushi/vec4 1, 0, 1;
    %store/vec4 v0xba8c49d60_0, 0, 1;
    %pushi/vec4 0, 0, 1;
    %store/vec4 v0xba8c49b80_0, 0, 1;
    %pushi/vec4 0, 0, 2;
    %store/vec4 v0xba8c49a40_0, 0, 2;
    %jmp T_3.5;
T_3.4 ;
    %pushi/vec4 0, 0, 1;
    %store/vec4 v0xba8c49ae0_0, 0, 1;
    %pushi/vec4 0, 0, 1;
    %store/vec4 v0xba8c49cc0_0, 0, 1;
    %pushi/vec4 0, 0, 1;
    %store/vec4 v0xba8c49ea0_0, 0, 1;
    %pushi/vec4 0, 0, 1;
    %store/vec4 v0xba8c49c20_0, 0, 1;
    %pushi/vec4 0, 0, 1;
    %store/vec4 v0xba8c49d60_0, 0, 1;
    %pushi/vec4 1, 0, 1;
    %store/vec4 v0xba8c49b80_0, 0, 1;
    %pushi/vec4 1, 0, 2;
    %store/vec4 v0xba8c49a40_0, 0, 2;
    %jmp T_3.5;
T_3.5 ;
    %pop/vec4 1;
    %jmp T_3;
    .thread T_3, $push;
    .scope S_0x105371b90;
T_4 ;
Ewait_1 .event/or E_0xba8c03740, E_0x0;
    %wait Ewait_1;
    %pushi/vec4 0, 0, 64;
    %store/vec4 v0xba8c64320_0, 0, 64;
    %load/vec4 v0xba8c643c0_0;
    %parti/s 7, 0, 2;
    %dup/vec4;
    %pushi/vec4 19, 0, 7;
    %cmp/u;
    %jmp/1 T_4.0, 6;
    %dup/vec4;
    %pushi/vec4 3, 0, 7;
    %cmp/u;
    %jmp/1 T_4.1, 6;
    %dup/vec4;
    %pushi/vec4 35, 0, 7;
    %cmp/u;
    %jmp/1 T_4.2, 6;
    %dup/vec4;
    %pushi/vec4 99, 0, 7;
    %cmp/u;
    %jmp/1 T_4.3, 6;
    %jmp T_4.4;
T_4.0 ;
    %load/vec4 v0xba8c643c0_0;
    %parti/s 1, 31, 6;
    %replicate 52;
    %load/vec4 v0xba8c643c0_0;
    %parti/s 12, 20, 6;
    %concat/vec4; draw_concat_vec4
    %store/vec4 v0xba8c64320_0, 0, 64;
    %jmp T_4.4;
T_4.1 ;
    %load/vec4 v0xba8c643c0_0;
    %parti/s 1, 31, 6;
    %replicate 52;
    %load/vec4 v0xba8c643c0_0;
    %parti/s 12, 20, 6;
    %concat/vec4; draw_concat_vec4
    %store/vec4 v0xba8c64320_0, 0, 64;
    %jmp T_4.4;
T_4.2 ;
    %load/vec4 v0xba8c643c0_0;
    %parti/s 1, 31, 6;
    %replicate 52;
    %load/vec4 v0xba8c643c0_0;
    %parti/s 7, 25, 6;
    %concat/vec4; draw_concat_vec4
    %load/vec4 v0xba8c643c0_0;
    %parti/s 5, 7, 4;
    %concat/vec4; draw_concat_vec4
    %store/vec4 v0xba8c64320_0, 0, 64;
    %jmp T_4.4;
T_4.3 ;
    %load/vec4 v0xba8c643c0_0;
    %parti/s 1, 31, 6;
    %replicate 51;
    %load/vec4 v0xba8c643c0_0;
    %parti/s 1, 31, 6;
    %concat/vec4; draw_concat_vec4
    %load/vec4 v0xba8c643c0_0;
    %parti/s 1, 7, 4;
    %concat/vec4; draw_concat_vec4
    %load/vec4 v0xba8c643c0_0;
    %parti/s 6, 25, 6;
    %concat/vec4; draw_concat_vec4
    %load/vec4 v0xba8c643c0_0;
    %parti/s 4, 8, 5;
    %concat/vec4; draw_concat_vec4
    %concati/vec4 0, 0, 1;
    %store/vec4 v0xba8c64320_0, 0, 64;
    %jmp T_4.4;
T_4.4 ;
    %pop/vec4 1;
    %jmp T_4;
    .thread T_4, $push;
    .scope S_0xba909c180;
T_5 ;
    %wait E_0xba8c036c0;
    %load/vec4 v0xba8c663a0_0;
    %flag_set/vec4 8;
    %jmp/0xz  T_5.0, 8;
    %pushi/vec4 0, 0, 32;
    %store/vec4 v0xba8c65f40_0, 0, 32;
T_5.2 ; Top of for-loop
    %load/vec4 v0xba8c65f40_0;
    %cmpi/s 32, 0, 32;
	  %jmp/0xz T_5.3, 5;
    %pushi/vec4 0, 0, 64;
    %ix/getv/s 3, v0xba8c65f40_0;
    %ix/load 4, 0, 0; Constant delay
    %assign/vec4/a/d v0xba8c661c0, 0, 4;
T_5.4 ; for-loop step statement
    ; show_stmt_assign_vector: Get l-value for compressed += operand
    %load/vec4 v0xba8c65f40_0;
    %pushi/vec4 1, 0, 32;
    %add;
    %store/vec4 v0xba8c65f40_0, 0, 32;
    %jmp T_5.2;
T_5.3 ; for-loop exit label
    %jmp T_5.1;
T_5.0 ;
    %load/vec4 v0xba8c664e0_0;
    %flag_set/vec4 8;
    %jmp/0xz  T_5.5, 8;
    %load/vec4 v0xba8c65fe0_0;
    %cmpi/ne 0, 0, 5;
    %jmp/0xz  T_5.7, 4;
    %load/vec4 v0xba8c66440_0;
    %load/vec4 v0xba8c65fe0_0;
    %pad/u 7;
    %ix/vec4 3;
    %ix/load 4, 0, 0; Constant delay
    %assign/vec4/a/d v0xba8c661c0, 0, 4;
T_5.7 ;
T_5.5 ;
T_5.1 ;
    %jmp T_5;
    .thread T_5;
    .scope S_0x10536f270;
T_6 ;
Ewait_2 .event/or E_0xba8c03500, E_0x0;
    %wait Ewait_2;
    %load/vec4 v0xba8c49180_0;
    %dup/vec4;
    %pushi/vec4 0, 0, 2;
    %cmp/u;
    %jmp/1 T_6.0, 6;
    %dup/vec4;
    %pushi/vec4 1, 0, 2;
    %cmp/u;
    %jmp/1 T_6.1, 6;
    %dup/vec4;
    %pushi/vec4 2, 0, 2;
    %cmp/u;
    %jmp/1 T_6.2, 6;
    %pushi/vec4 2, 0, 4;
    %store/vec4 v0xba8c490e0_0, 0, 4;
    %jmp T_6.4;
T_6.0 ;
    %pushi/vec4 2, 0, 4;
    %store/vec4 v0xba8c490e0_0, 0, 4;
    %jmp T_6.4;
T_6.1 ;
    %pushi/vec4 6, 0, 4;
    %store/vec4 v0xba8c490e0_0, 0, 4;
    %jmp T_6.4;
T_6.2 ;
    %load/vec4 v0xba8c49220_0;
    %dup/vec4;
    %pushi/vec4 0, 0, 3;
    %cmp/u;
    %jmp/1 T_6.5, 6;
    %dup/vec4;
    %pushi/vec4 7, 0, 3;
    %cmp/u;
    %jmp/1 T_6.6, 6;
    %dup/vec4;
    %pushi/vec4 6, 0, 3;
    %cmp/u;
    %jmp/1 T_6.7, 6;
    %dup/vec4;
    %pushi/vec4 4, 0, 3;
    %cmp/u;
    %jmp/1 T_6.8, 6;
    %dup/vec4;
    %pushi/vec4 2, 0, 3;
    %cmp/u;
    %jmp/1 T_6.9, 6;
    %pushi/vec4 2, 0, 4;
    %store/vec4 v0xba8c490e0_0, 0, 4;
    %jmp T_6.11;
T_6.5 ;
    %load/vec4 v0xba8c492c0_0;
    %flag_set/vec4 8;
    %jmp/0 T_6.12, 8;
    %pushi/vec4 6, 0, 4;
    %jmp/1 T_6.13, 8;
T_6.12 ; End of true expr.
    %pushi/vec4 2, 0, 4;
    %jmp/0 T_6.13, 8;
 ; End of false expr.
    %blend;
T_6.13;
    %store/vec4 v0xba8c490e0_0, 0, 4;
    %jmp T_6.11;
T_6.6 ;
    %pushi/vec4 0, 0, 4;
    %store/vec4 v0xba8c490e0_0, 0, 4;
    %jmp T_6.11;
T_6.7 ;
    %pushi/vec4 1, 0, 4;
    %store/vec4 v0xba8c490e0_0, 0, 4;
    %jmp T_6.11;
T_6.8 ;
    %pushi/vec4 4, 0, 4;
    %store/vec4 v0xba8c490e0_0, 0, 4;
    %jmp T_6.11;
T_6.9 ;
    %pushi/vec4 7, 0, 4;
    %store/vec4 v0xba8c490e0_0, 0, 4;
    %jmp T_6.11;
T_6.11 ;
    %pop/vec4 1;
    %jmp T_6.4;
T_6.4 ;
    %pop/vec4 1;
    %jmp T_6;
    .thread T_6, $push;
    .scope S_0x105373a40;
T_7 ;
Ewait_3 .event/or E_0xba8c03580, E_0x0;
    %wait Ewait_3;
    %load/vec4 v0xba8c49720_0;
    %dup/vec4;
    %pushi/vec4 0, 0, 4;
    %cmp/u;
    %jmp/1 T_7.0, 6;
    %dup/vec4;
    %pushi/vec4 1, 0, 4;
    %cmp/u;
    %jmp/1 T_7.1, 6;
    %dup/vec4;
    %pushi/vec4 2, 0, 4;
    %cmp/u;
    %jmp/1 T_7.2, 6;
    %dup/vec4;
    %pushi/vec4 4, 0, 4;
    %cmp/u;
    %jmp/1 T_7.3, 6;
    %dup/vec4;
    %pushi/vec4 6, 0, 4;
    %cmp/u;
    %jmp/1 T_7.4, 6;
    %dup/vec4;
    %pushi/vec4 7, 0, 4;
    %cmp/u;
    %jmp/1 T_7.5, 6;
    %pushi/vec4 0, 0, 64;
    %store/vec4 v0xba8c49900_0, 0, 64;
    %jmp T_7.7;
T_7.0 ;
    %load/vec4 v0xba8c497c0_0;
    %load/vec4 v0xba8c49860_0;
    %and;
    %store/vec4 v0xba8c49900_0, 0, 64;
    %jmp T_7.7;
T_7.1 ;
    %load/vec4 v0xba8c497c0_0;
    %load/vec4 v0xba8c49860_0;
    %or;
    %store/vec4 v0xba8c49900_0, 0, 64;
    %jmp T_7.7;
T_7.2 ;
    %load/vec4 v0xba8c497c0_0;
    %load/vec4 v0xba8c49860_0;
    %add;
    %store/vec4 v0xba8c49900_0, 0, 64;
    %jmp T_7.7;
T_7.3 ;
    %load/vec4 v0xba8c497c0_0;
    %load/vec4 v0xba8c49860_0;
    %xor;
    %store/vec4 v0xba8c49900_0, 0, 64;
    %jmp T_7.7;
T_7.4 ;
    %load/vec4 v0xba8c497c0_0;
    %load/vec4 v0xba8c49860_0;
    %sub;
    %store/vec4 v0xba8c49900_0, 0, 64;
    %jmp T_7.7;
T_7.5 ;
    %load/vec4 v0xba8c497c0_0;
    %load/vec4 v0xba8c49860_0;
    %cmp/s;
    %flag_mov 8, 5;
    %jmp/0 T_7.8, 8;
    %pushi/vec4 1, 0, 64;
    %jmp/1 T_7.9, 8;
T_7.8 ; End of true expr.
    %pushi/vec4 0, 0, 64;
    %jmp/0 T_7.9, 8;
 ; End of false expr.
    %blend;
T_7.9;
    %store/vec4 v0xba8c49900_0, 0, 64;
    %jmp T_7.7;
T_7.7 ;
    %pop/vec4 1;
    %jmp T_7;
    .thread T_7, $push;
    .scope S_0x105370fa0;
T_8 ;
    %wait E_0xba8c036c0;
    %load/vec4 v0xba8c64140_0;
    %flag_set/vec4 8;
    %jmp/0xz  T_8.0, 8;
    %pushi/vec4 0, 0, 32;
    %store/vec4 v0xba8c4be80_0, 0, 32;
T_8.2 ; Top of for-loop
    %load/vec4 v0xba8c4be80_0;
    %cmpi/s 1024, 0, 32;
	  %jmp/0xz T_8.3, 5;
    %pushi/vec4 0, 0, 8;
    %ix/getv/s 3, v0xba8c4be80_0;
    %ix/load 4, 0, 0; Constant delay
    %assign/vec4/a/d v0xba8c4bf20, 0, 4;
T_8.4 ; for-loop step statement
    ; show_stmt_assign_vector: Get l-value for compressed += operand
    %load/vec4 v0xba8c4be80_0;
    %pushi/vec4 1, 0, 32;
    %add;
    %store/vec4 v0xba8c4be80_0, 0, 32;
    %jmp T_8.2;
T_8.3 ; for-loop exit label
    %pushi/vec4 5, 0, 8;
    %ix/load 3, 0, 0;
    %flag_set/imm 4, 0;
    %ix/load 4, 0, 0; Constant delay
    %assign/vec4/a/d v0xba8c4bf20, 0, 4;
    %pushi/vec4 0, 0, 8;
    %ix/load 3, 1, 0;
    %flag_set/imm 4, 0;
    %ix/load 4, 0, 0; Constant delay
    %assign/vec4/a/d v0xba8c4bf20, 0, 4;
    %pushi/vec4 0, 0, 8;
    %ix/load 3, 2, 0;
    %flag_set/imm 4, 0;
    %ix/load 4, 0, 0; Constant delay
    %assign/vec4/a/d v0xba8c4bf20, 0, 4;
    %pushi/vec4 0, 0, 8;
    %ix/load 3, 3, 0;
    %flag_set/imm 4, 0;
    %ix/load 4, 0, 0; Constant delay
    %assign/vec4/a/d v0xba8c4bf20, 0, 4;
    %pushi/vec4 0, 0, 8;
    %ix/load 3, 4, 0;
    %flag_set/imm 4, 0;
    %ix/load 4, 0, 0; Constant delay
    %assign/vec4/a/d v0xba8c4bf20, 0, 4;
    %pushi/vec4 0, 0, 8;
    %ix/load 3, 5, 0;
    %flag_set/imm 4, 0;
    %ix/load 4, 0, 0; Constant delay
    %assign/vec4/a/d v0xba8c4bf20, 0, 4;
    %pushi/vec4 0, 0, 8;
    %ix/load 3, 6, 0;
    %flag_set/imm 4, 0;
    %ix/load 4, 0, 0; Constant delay
    %assign/vec4/a/d v0xba8c4bf20, 0, 4;
    %pushi/vec4 0, 0, 8;
    %ix/load 3, 7, 0;
    %flag_set/imm 4, 0;
    %ix/load 4, 0, 0; Constant delay
    %assign/vec4/a/d v0xba8c4bf20, 0, 4;
    %jmp T_8.1;
T_8.0 ;
    %load/vec4 v0xba8c64280_0;
    %flag_set/vec4 8;
    %jmp/0xz  T_8.5, 8;
    %load/vec4 v0xba8c641e0_0;
    %parti/s 8, 0, 2;
    %load/vec4 v0xba8c4bd40_0;
    %parti/s 10, 0, 2;
    %pad/u 12;
    %ix/vec4 3;
    %ix/load 4, 0, 0; Constant delay
    %assign/vec4/a/d v0xba8c4bf20, 0, 4;
    %load/vec4 v0xba8c641e0_0;
    %parti/s 8, 8, 5;
    %load/vec4 v0xba8c4bd40_0;
    %parti/s 10, 0, 2;
    %pad/u 32;
    %addi 1, 0, 32;
    %ix/vec4 3;
    %ix/load 4, 0, 0; Constant delay
    %assign/vec4/a/d v0xba8c4bf20, 0, 4;
    %load/vec4 v0xba8c641e0_0;
    %parti/s 8, 16, 6;
    %load/vec4 v0xba8c4bd40_0;
    %parti/s 10, 0, 2;
    %pad/u 32;
    %addi 2, 0, 32;
    %ix/vec4 3;
    %ix/load 4, 0, 0; Constant delay
    %assign/vec4/a/d v0xba8c4bf20, 0, 4;
    %load/vec4 v0xba8c641e0_0;
    %parti/s 8, 24, 6;
    %load/vec4 v0xba8c4bd40_0;
    %parti/s 10, 0, 2;
    %pad/u 32;
    %addi 3, 0, 32;
    %ix/vec4 3;
    %ix/load 4, 0, 0; Constant delay
    %assign/vec4/a/d v0xba8c4bf20, 0, 4;
    %load/vec4 v0xba8c641e0_0;
    %parti/s 8, 32, 7;
    %load/vec4 v0xba8c4bd40_0;
    %parti/s 10, 0, 2;
    %pad/u 32;
    %addi 4, 0, 32;
    %ix/vec4 3;
    %ix/load 4, 0, 0; Constant delay
    %assign/vec4/a/d v0xba8c4bf20, 0, 4;
    %load/vec4 v0xba8c641e0_0;
    %parti/s 8, 40, 7;
    %load/vec4 v0xba8c4bd40_0;
    %parti/s 10, 0, 2;
    %pad/u 32;
    %addi 5, 0, 32;
    %ix/vec4 3;
    %ix/load 4, 0, 0; Constant delay
    %assign/vec4/a/d v0xba8c4bf20, 0, 4;
    %load/vec4 v0xba8c641e0_0;
    %parti/s 8, 48, 7;
    %load/vec4 v0xba8c4bd40_0;
    %parti/s 10, 0, 2;
    %pad/u 32;
    %addi 6, 0, 32;
    %ix/vec4 3;
    %ix/load 4, 0, 0; Constant delay
    %assign/vec4/a/d v0xba8c4bf20, 0, 4;
    %load/vec4 v0xba8c641e0_0;
    %parti/s 8, 56, 7;
    %load/vec4 v0xba8c4bd40_0;
    %parti/s 10, 0, 2;
    %pad/u 32;
    %addi 7, 0, 32;
    %ix/vec4 3;
    %ix/load 4, 0, 0; Constant delay
    %assign/vec4/a/d v0xba8c4bf20, 0, 4;
T_8.5 ;
T_8.1 ;
    %jmp T_8;
    .thread T_8;
    .scope S_0x105368c30;
T_9 ;
    %pushi/vec4 0, 0, 1;
    %store/vec4 v0xba8c677a0_0, 0, 1;
    %end;
    .thread T_9;
    .scope S_0x105368c30;
T_10 ;
    %delay 5000, 0;
    %load/vec4 v0xba8c677a0_0;
    %inv;
    %store/vec4 v0xba8c677a0_0, 0, 1;
    %jmp T_10;
    .thread T_10;
    .scope S_0x105368c30;
T_11 ;
    %vpi_call/w 3 52 "$dumpfile", "tb_processor.vcd" {0 0 0};
    %vpi_call/w 3 53 "$dumpvars", 32'sb00000000000000000000000000000000, S_0x105368c30 {0 0 0};
    %pushi/vec4 1, 0, 1;
    %store/vec4 v0xba8c67840_0, 0, 1;
    %wait E_0xba8c036c0;
    %wait E_0xba8c036c0;
    %pushi/vec4 0, 0, 1;
    %store/vec4 v0xba8c67840_0, 0, 1;
    %pushi/vec4 15, 0, 32;
T_11.0 %dup/vec4;
    %cmpi/s 0, 0, 32;
    %jmp/1xz T_11.1, 5;
    %jmp/1 T_11.1, 4;
    %subi 1, 0, 32;
    %wait E_0xba8c036c0;
    %jmp T_11.0;
T_11.1 ;
    %pop/vec4 1;
    %delay 1000, 0;
    %vpi_call/w 3 72 "$display", "\000" {0 0 0};
    %vpi_call/w 3 73 "$display", "=== Basic ALU + Memory ===" {0 0 0};
    %pushi/vec4 1, 0, 5;
    %store/vec4 v0xba8c48fa0_0, 0, 5;
    %pushi/vec4 5, 0, 64;
    %store/vec4 v0xba8c48f00_0, 0, 64;
    %ix/load 4, 1, 0;
    %flag_set/imm 4, 0;
    %load/vec4a v0xba8c661c0, 4;
    %store/vec4 v0xba8c48e60_0, 0, 64;
    %fork TD_tb_processor.check_reg, S_0x105368db0;
    %join;
    %pushi/vec4 2, 0, 5;
    %store/vec4 v0xba8c48fa0_0, 0, 5;
    %pushi/vec4 3, 0, 64;
    %store/vec4 v0xba8c48f00_0, 0, 64;
    %ix/load 4, 2, 0;
    %flag_set/imm 4, 0;
    %load/vec4a v0xba8c661c0, 4;
    %store/vec4 v0xba8c48e60_0, 0, 64;
    %fork TD_tb_processor.check_reg, S_0x105368db0;
    %join;
    %pushi/vec4 3, 0, 5;
    %store/vec4 v0xba8c48fa0_0, 0, 5;
    %pushi/vec4 8, 0, 64;
    %store/vec4 v0xba8c48f00_0, 0, 64;
    %ix/load 4, 3, 0;
    %flag_set/imm 4, 0;
    %load/vec4a v0xba8c661c0, 4;
    %store/vec4 v0xba8c48e60_0, 0, 64;
    %fork TD_tb_processor.check_reg, S_0x105368db0;
    %join;
    %pushi/vec4 4, 0, 5;
    %store/vec4 v0xba8c48fa0_0, 0, 5;
    %pushi/vec4 8, 0, 64;
    %store/vec4 v0xba8c48f00_0, 0, 64;
    %ix/load 4, 4, 0;
    %flag_set/imm 4, 0;
    %load/vec4a v0xba8c661c0, 4;
    %store/vec4 v0xba8c48e60_0, 0, 64;
    %fork TD_tb_processor.check_reg, S_0x105368db0;
    %join;
    %ix/load 4, 0, 0;
    %flag_set/imm 4, 0;
    %load/vec4a v0xba8c4bf20, 4;
    %cmpi/e 8, 0, 8;
    %jmp/0xz  T_11.2, 6;
    %vpi_call/w 3 81 "$display", "PASS: data_mem[0] = 0x08  (SD stored 8 correctly)" {0 0 0};
    %jmp T_11.3;
T_11.2 ;
    %vpi_call/w 3 83 "$display", "FAIL: data_mem[0] = 0x%02X, expected 0x08", &A<v0xba8c4bf20, 0> {0 0 0};
T_11.3 ;
    %vpi_call/w 3 85 "$display", "\000" {0 0 0};
    %vpi_call/w 3 86 "$display", "=== BEQ Not-Taken (x1=5 != x2=3) ===" {0 0 0};
    %pushi/vec4 5, 0, 5;
    %store/vec4 v0xba8c48fa0_0, 0, 5;
    %pushi/vec4 5, 0, 64;
    %store/vec4 v0xba8c48f00_0, 0, 64;
    %ix/load 4, 5, 0;
    %flag_set/imm 4, 0;
    %load/vec4a v0xba8c661c0, 4;
    %store/vec4 v0xba8c48e60_0, 0, 64;
    %fork TD_tb_processor.check_reg, S_0x105368db0;
    %join;
    %vpi_call/w 3 90 "$display", "\000" {0 0 0};
    %vpi_call/w 3 91 "$display", "=== R-type Operations ===" {0 0 0};
    %pushi/vec4 5, 0, 5;
    %store/vec4 v0xba8c48fa0_0, 0, 5;
    %pushi/vec4 5, 0, 64;
    %store/vec4 v0xba8c48f00_0, 0, 64;
    %ix/load 4, 5, 0;
    %flag_set/imm 4, 0;
    %load/vec4a v0xba8c661c0, 4;
    %store/vec4 v0xba8c48e60_0, 0, 64;
    %fork TD_tb_processor.check_reg, S_0x105368db0;
    %join;
    %pushi/vec4 6, 0, 5;
    %store/vec4 v0xba8c48fa0_0, 0, 5;
    %pushi/vec4 1, 0, 64;
    %store/vec4 v0xba8c48f00_0, 0, 64;
    %ix/load 4, 6, 0;
    %flag_set/imm 4, 0;
    %load/vec4a v0xba8c661c0, 4;
    %store/vec4 v0xba8c48e60_0, 0, 64;
    %fork TD_tb_processor.check_reg, S_0x105368db0;
    %join;
    %pushi/vec4 7, 0, 5;
    %store/vec4 v0xba8c48fa0_0, 0, 5;
    %pushi/vec4 7, 0, 64;
    %store/vec4 v0xba8c48f00_0, 0, 64;
    %ix/load 4, 7, 0;
    %flag_set/imm 4, 0;
    %load/vec4a v0xba8c661c0, 4;
    %store/vec4 v0xba8c48e60_0, 0, 64;
    %fork TD_tb_processor.check_reg, S_0x105368db0;
    %join;
    %vpi_call/w 3 96 "$display", "\000" {0 0 0};
    %vpi_call/w 3 97 "$display", "=== Negative Immediate (sign extension) ===" {0 0 0};
    %pushi/vec4 8, 0, 5;
    %store/vec4 v0xba8c48fa0_0, 0, 5;
    %pushi/vec4 4294967295, 0, 32;
    %concati/vec4 4294967295, 0, 32;
    %store/vec4 v0xba8c48f00_0, 0, 64;
    %ix/load 4, 8, 0;
    %flag_set/imm 4, 0;
    %load/vec4a v0xba8c661c0, 4;
    %store/vec4 v0xba8c48e60_0, 0, 64;
    %fork TD_tb_processor.check_reg, S_0x105368db0;
    %join;
    %vpi_call/w 3 101 "$display", "\000" {0 0 0};
    %vpi_call/w 3 102 "$display", "=== BEQ Taken (x10=4 == x11=4) ===" {0 0 0};
    %pushi/vec4 12, 0, 5;
    %store/vec4 v0xba8c48fa0_0, 0, 5;
    %pushi/vec4 0, 0, 64;
    %store/vec4 v0xba8c48f00_0, 0, 64;
    %ix/load 4, 12, 0;
    %flag_set/imm 4, 0;
    %load/vec4a v0xba8c661c0, 4;
    %store/vec4 v0xba8c48e60_0, 0, 64;
    %fork TD_tb_processor.check_reg, S_0x105368db0;
    %join;
    %vpi_call/w 3 108 "$display", "\000" {0 0 0};
    %vpi_call/w 3 109 "$display", "=== x0 Hardwired Zero ===" {0 0 0};
    %pushi/vec4 0, 0, 5;
    %store/vec4 v0xba8c48fa0_0, 0, 5;
    %pushi/vec4 0, 0, 64;
    %store/vec4 v0xba8c48f00_0, 0, 64;
    %ix/load 4, 0, 0;
    %flag_set/imm 4, 0;
    %load/vec4a v0xba8c661c0, 4;
    %store/vec4 v0xba8c48e60_0, 0, 64;
    %fork TD_tb_processor.check_reg, S_0x105368db0;
    %join;
    %vpi_call/w 3 113 "$display", "\000" {0 0 0};
    %vpi_call/w 3 114 "$finish" {0 0 0};
    %end;
    .thread T_11;
    .scope S_0x105368c30;
T_12 ;
    %wait E_0xba8c036c0;
    %load/vec4 v0xba8c67840_0;
    %nor/r;
    %flag_set/vec4 8;
    %jmp/0xz  T_12.0, 8;
    %vpi_call/w 3 120 "$display", "t=%6t | PC=%2d | instr=0x%08X | x1=%0d x2=%0d x3=%0d x4=%0d x5=%0d x6=%0d x7=%0d", $time, v0xba8c670c0_0, v0xba8c66da0_0, &A<v0xba8c661c0, 1>, &A<v0xba8c661c0, 2>, &A<v0xba8c661c0, 3>, &A<v0xba8c661c0, 4>, &A<v0xba8c661c0, 5>, &A<v0xba8c661c0, 6>, &A<v0xba8c661c0, 7> {0 0 0};
T_12.0 ;
    %jmp T_12;
    .thread T_12;
# The file index is used to find the file name in the following table.
:file_names 14;
    "N/A";
    "<interactive>";
    "-";
    "testbench/tb_processor.sv";
    "processor.sv";
    "alu_ctrl.sv";
    "mux_2_to_1.sv";
    "alu.sv";
    "control.sv";
    "data_mem.sv";
    "immediate_gen.sv";
    "instruction_memory.sv";
    "program_counter.sv";
    "registers.sv";
